
Starting Debug Run : August 8, 2018, 6:32 pm
We are on a PC
C:\xampplite\apache\conf\extra\httpd-vhosts.conf
C:\xampplite\apache\conf\ssl.crt\
C:\xampplite\apache\conf\ssl.key\
An Entry for a secure domain was found, now trying to determine the domain to generate the Key and Cert files
Domain Found : mgmt.securelivesw.dev.cc
New http conf line to be written :    SSLCertificateFile "C:\xampplite\apache\conf\ssl.crt\mgmt.securelivesw.dev.cc.crt"
New http conf line to be written :    SSLCertificateKeyFile "C:\xampplite\apache\conf\ssl.key\mgmt.securelivesw.dev.cc.key"
An Entry for a secure domain was found, now trying to determine the domain to generate the Key and Cert files
Domain Found : sl-wp-client.dev.cc
New http conf line to be written :    SSLCertificateFile "C:\xampplite\apache\conf\ssl.crt\sl-wp-client.dev.cc.crt"
New http conf line to be written :    SSLCertificateKeyFile "C:\xampplite\apache\conf\ssl.key\sl-wp-client.dev.cc.key"
An Entry for a secure domain was found, now trying to determine the domain to generate the Key and Cert files
Domain Found : enduranceoc.dev.cc
New http conf line to be written :    SSLCertificateFile "C:\xampplite\apache\conf\ssl.crt\enduranceoc.dev.cc.crt"
New http conf line to be written :    SSLCertificateKeyFile "C:\xampplite\apache\conf\ssl.key\enduranceoc.dev.cc.key"
An Entry for a secure domain was found, now trying to determine the domain to generate the Key and Cert files
Domain Found : beaver-builder-lite.dev.cc
New http conf line to be written :    SSLCertificateFile "C:\xampplite\apache\conf\ssl.crt\beaver-builder-lite.dev.cc.crt"
New http conf line to be written :    SSLCertificateKeyFile "C:\xampplite\apache\conf\ssl.key\beaver-builder-lite.dev.cc.key"
An Entry for a secure domain was found, now trying to determine the domain to generate the Key and Cert files
Domain Found : beaver-builder-gutenberg.dev.cc
New http conf line to be written :    SSLCertificateFile "C:\xampplite\apache\conf\ssl.crt\beaver-builder-gutenberg.dev.cc.crt"
New http conf line to be written :    SSLCertificateKeyFile "C:\xampplite\apache\conf\ssl.key\beaver-builder-gutenberg.dev.cc.key"
An Entry for a secure domain was found, now trying to determine the domain to generate the Key and Cert files
Domain Found : anhh-site.dev.cc
New http conf line to be written :    SSLCertificateFile "C:\xampplite\apache\conf\ssl.crt\anhh-site.dev.cc.crt"
New http conf line to be written :    SSLCertificateKeyFile "C:\xampplite\apache\conf\ssl.key\anhh-site.dev.cc.key"
Entire New httpd.conf
******************************
# Virtual Hosts
#
# Required modules: mod_log_config

# If you want to maintain multiple domains/hostnames on your
# machine you can setup VirtualHost containers for them. Most configurations
# use only name-based virtual hosts so the server doesn't need to worry about
# IP addresses. This is indicated by the asterisks in the directives below.
#
# Please see the documentation at 
# <URL:http://httpd.apache.org/docs/2.4/vhosts/>
# for further details before you try to setup virtual hosts.
#
# You may use the command line option '-S' to verify your virtual host
# configuration.

<VirtualHost *:80>
	DocumentRoot "C:\xampplite\htdocs"
    ServerName localhost
    Alias /ds-plugins "C:\xampplite\ds-plugins"
    <Directory "C:\xampplite\ds-plugins">
        Order allow,deny
        allow from all
    </Directory>
</VirtualHost>


### Begin DesktopServer - do not edit this and proceeding lines ###
<VirtualHost *:80 >
DocumentRoot "C:\Users\shado\Documents\Websites\mgmt.securelivesw.dev.cc"
ServerName mgmt.securelivesw.dev.cc
   <Directory "C:\Users\shado\Documents\Websites\mgmt.securelivesw.dev.cc">
      Options Indexes FollowSymLinks ExecCGI Includes
      AllowOverride All
      Order allow,deny
      Allow from all
   </Directory>
Alias /ds-plugins "C:\xampplite\ds-plugins"
   <Directory "C:\xampplite\ds-plugins">
     Order allow,deny
     allow from all
   </Directory>
</VirtualHost>
<VirtualHost *:443 >
DocumentRoot "C:\Users\shado\Documents\Websites\mgmt.securelivesw.dev.cc"
ServerName mgmt.securelivesw.dev.cc
   <Directory "C:\Users\shado\Documents\Websites\mgmt.securelivesw.dev.cc">
      Options Indexes FollowSymLinks ExecCGI Includes
      AllowOverride All
      Order allow,deny
      Allow from all
   </Directory>
Alias /ds-plugins "C:\xampplite\ds-plugins"
   <Directory "C:\xampplite\ds-plugins">
     Order allow,deny
     allow from all
   </Directory>
   SSLEngine on
   SSLCertificateFile "C:\xampplite\apache\conf\ssl.crt\mgmt.securelivesw.dev.cc.crt"
   SSLCertificateKeyFile "C:\xampplite\apache\conf\ssl.key\mgmt.securelivesw.dev.cc.key"
</VirtualHost>
<VirtualHost *:80 >
DocumentRoot "C:\Users\shado\Documents\Websites\sl-wp-client.dev.cc"
ServerName sl-wp-client.dev.cc
   <Directory "C:\Users\shado\Documents\Websites\sl-wp-client.dev.cc">
      Options Indexes FollowSymLinks ExecCGI Includes
      AllowOverride All
      Order allow,deny
      Allow from all
   </Directory>
Alias /ds-plugins "C:\xampplite\ds-plugins"
   <Directory "C:\xampplite\ds-plugins">
     Order allow,deny
     allow from all
   </Directory>
</VirtualHost>
<VirtualHost *:443 >
DocumentRoot "C:\Users\shado\Documents\Websites\sl-wp-client.dev.cc"
ServerName sl-wp-client.dev.cc
   <Directory "C:\Users\shado\Documents\Websites\sl-wp-client.dev.cc">
      Options Indexes FollowSymLinks ExecCGI Includes
      AllowOverride All
      Order allow,deny
      Allow from all
   </Directory>
Alias /ds-plugins "C:\xampplite\ds-plugins"
   <Directory "C:\xampplite\ds-plugins">
     Order allow,deny
     allow from all
   </Directory>
   SSLEngine on
   SSLCertificateFile "C:\xampplite\apache\conf\ssl.crt\sl-wp-client.dev.cc.crt"
   SSLCertificateKeyFile "C:\xampplite\apache\conf\ssl.key\sl-wp-client.dev.cc.key"
</VirtualHost>
<VirtualHost *:80 >
DocumentRoot "C:\Users\shado\Documents\Websites\enduranceoc.dev.cc"
ServerName enduranceoc.dev.cc
   <Directory "C:\Users\shado\Documents\Websites\enduranceoc.dev.cc">
      Options Indexes FollowSymLinks ExecCGI Includes
      AllowOverride All
      Order allow,deny
      Allow from all
   </Directory>
Alias /ds-plugins "C:\xampplite\ds-plugins"
   <Directory "C:\xampplite\ds-plugins">
     Order allow,deny
     allow from all
   </Directory>
</VirtualHost>
<VirtualHost *:443 >
DocumentRoot "C:\Users\shado\Documents\Websites\enduranceoc.dev.cc"
ServerName enduranceoc.dev.cc
   <Directory "C:\Users\shado\Documents\Websites\enduranceoc.dev.cc">
      Options Indexes FollowSymLinks ExecCGI Includes
      AllowOverride All
      Order allow,deny
      Allow from all
   </Directory>
Alias /ds-plugins "C:\xampplite\ds-plugins"
   <Directory "C:\xampplite\ds-plugins">
     Order allow,deny
     allow from all
   </Directory>
   SSLEngine on
   SSLCertificateFile "C:\xampplite\apache\conf\ssl.crt\enduranceoc.dev.cc.crt"
   SSLCertificateKeyFile "C:\xampplite\apache\conf\ssl.key\enduranceoc.dev.cc.key"
</VirtualHost>
<VirtualHost *:80 >
DocumentRoot "C:\Users\shado\Documents\Websites\beaver-builder-lite.dev.cc"
ServerName beaver-builder-lite.dev.cc
   <Directory "C:\Users\shado\Documents\Websites\beaver-builder-lite.dev.cc">
      Options Indexes FollowSymLinks ExecCGI Includes
      AllowOverride All
      Order allow,deny
      Allow from all
   </Directory>
Alias /ds-plugins "C:\xampplite\ds-plugins"
   <Directory "C:\xampplite\ds-plugins">
     Order allow,deny
     allow from all
   </Directory>
</VirtualHost>
<VirtualHost *:443 >
DocumentRoot "C:\Users\shado\Documents\Websites\beaver-builder-lite.dev.cc"
ServerName beaver-builder-lite.dev.cc
   <Directory "C:\Users\shado\Documents\Websites\beaver-builder-lite.dev.cc">
      Options Indexes FollowSymLinks ExecCGI Includes
      AllowOverride All
      Order allow,deny
      Allow from all
   </Directory>
Alias /ds-plugins "C:\xampplite\ds-plugins"
   <Directory "C:\xampplite\ds-plugins">
     Order allow,deny
     allow from all
   </Directory>
   SSLEngine on
   SSLCertificateFile "C:\xampplite\apache\conf\ssl.crt\beaver-builder-lite.dev.cc.crt"
   SSLCertificateKeyFile "C:\xampplite\apache\conf\ssl.key\beaver-builder-lite.dev.cc.key"
</VirtualHost>
<VirtualHost *:80 >
DocumentRoot "C:\Users\shado\Documents\Websites\beaver-builder-gutenberg.dev.cc"
ServerName beaver-builder-gutenberg.dev.cc
   <Directory "C:\Users\shado\Documents\Websites\beaver-builder-gutenberg.dev.cc">
      Options Indexes FollowSymLinks ExecCGI Includes
      AllowOverride All
      Order allow,deny
      Allow from all
   </Directory>
Alias /ds-plugins "C:\xampplite\ds-plugins"
   <Directory "C:\xampplite\ds-plugins">
     Order allow,deny
     allow from all
   </Directory>
</VirtualHost>
<VirtualHost *:443 >
DocumentRoot "C:\Users\shado\Documents\Websites\beaver-builder-gutenberg.dev.cc"
ServerName beaver-builder-gutenberg.dev.cc
   <Directory "C:\Users\shado\Documents\Websites\beaver-builder-gutenberg.dev.cc">
      Options Indexes FollowSymLinks ExecCGI Includes
      AllowOverride All
      Order allow,deny
      Allow from all
   </Directory>
Alias /ds-plugins "C:\xampplite\ds-plugins"
   <Directory "C:\xampplite\ds-plugins">
     Order allow,deny
     allow from all
   </Directory>
   SSLEngine on
   SSLCertificateFile "C:\xampplite\apache\conf\ssl.crt\beaver-builder-gutenberg.dev.cc.crt"
   SSLCertificateKeyFile "C:\xampplite\apache\conf\ssl.key\beaver-builder-gutenberg.dev.cc.key"
</VirtualHost>
<VirtualHost *:80 >
DocumentRoot "C:\Users\shado\Documents\Websites\anhh-site.dev.cc"
ServerName anhh-site.dev.cc
   <Directory "C:\Users\shado\Documents\Websites\anhh-site.dev.cc">
      Options Indexes FollowSymLinks ExecCGI Includes
      AllowOverride All
      Order allow,deny
      Allow from all
   </Directory>
Alias /ds-plugins "C:\xampplite\ds-plugins"
   <Directory "C:\xampplite\ds-plugins">
     Order allow,deny
     allow from all
   </Directory>
</VirtualHost>
<VirtualHost *:443 >
DocumentRoot "C:\Users\shado\Documents\Websites\anhh-site.dev.cc"
ServerName anhh-site.dev.cc
   <Directory "C:\Users\shado\Documents\Websites\anhh-site.dev.cc">
      Options Indexes FollowSymLinks ExecCGI Includes
      AllowOverride All
      Order allow,deny
      Allow from all
   </Directory>
Alias /ds-plugins "C:\xampplite\ds-plugins"
   <Directory "C:\xampplite\ds-plugins">
     Order allow,deny
     allow from all
   </Directory>
   SSLEngine on
   SSLCertificateFile "C:\xampplite\apache\conf\ssl.crt\anhh-site.dev.cc.crt"
   SSLCertificateKeyFile "C:\xampplite\apache\conf\ssl.key\anhh-site.dev.cc.key"
</VirtualHost>
### End DesktopServer - do not edit this and preceeding lines ###
******************************
